-------------------------------------------------------------------------------
Test set: com.upgrad.quora.api.controller.CommonControllerTest
-------------------------------------------------------------------------------
Tests run: 3, Failures: 0, Errors: 3, Skipped: 0, Time elapsed: 5.198 s <<< FAILURE! - in com.upgrad.quora.api.controller.CommonControllerTest
detailsOfNonExistingUser(com.upgrad.quora.api.controller.CommonControllerTest)  Time elapsed: 1.687 s  <<< ERROR!
org.springframework.web.util.NestedServletException: Request processing failed; nested exception is org.springframework.transaction.CannotCreateTransactionException: Could not open JPA EntityManager for transaction; nested exception is org.hibernate.exception.GenericJDBCException: Unable to acquire JDBC Connection
	at com.upgrad.quora.api.controller.CommonControllerTest.detailsOfNonExistingUser(CommonControllerTest.java:42)
Caused by: org.springframework.transaction.CannotCreateTransactionException: Could not open JPA EntityManager for transaction; nested exception is org.hibernate.exception.GenericJDBCException: Unable to acquire JDBC Connection
	at com.upgrad.quora.api.controller.CommonControllerTest.detailsOfNonExistingUser(CommonControllerTest.java:42)
Caused by: org.hibernate.exception.GenericJDBCException: Unable to acquire JDBC Connection
	at com.upgrad.quora.api.controller.CommonControllerTest.detailsOfNonExistingUser(CommonControllerTest.java:42)
Caused by: org.postgresql.util.PSQLException: FATAL: password authentication failed for user "postgres"
	at com.upgrad.quora.api.controller.CommonControllerTest.detailsOfNonExistingUser(CommonControllerTest.java:42)

detailsUsingNonExistingAccessToken(com.upgrad.quora.api.controller.CommonControllerTest)  Time elapsed: 1.68 s  <<< ERROR!
org.springframework.web.util.NestedServletException: Request processing failed; nested exception is org.springframework.transaction.CannotCreateTransactionException: Could not open JPA EntityManager for transaction; nested exception is org.hibernate.exception.GenericJDBCException: Unable to acquire JDBC Connection
	at com.upgrad.quora.api.controller.CommonControllerTest.detailsUsingNonExistingAccessToken(CommonControllerTest.java:34)
Caused by: org.springframework.transaction.CannotCreateTransactionException: Could not open JPA EntityManager for transaction; nested exception is org.hibernate.exception.GenericJDBCException: Unable to acquire JDBC Connection
	at com.upgrad.quora.api.controller.CommonControllerTest.detailsUsingNonExistingAccessToken(CommonControllerTest.java:34)
Caused by: org.hibernate.exception.GenericJDBCException: Unable to acquire JDBC Connection
	at com.upgrad.quora.api.controller.CommonControllerTest.detailsUsingNonExistingAccessToken(CommonControllerTest.java:34)
Caused by: org.postgresql.util.PSQLException: FATAL: password authentication failed for user "postgres"
	at com.upgrad.quora.api.controller.CommonControllerTest.detailsUsingNonExistingAccessToken(CommonControllerTest.java:34)

details(com.upgrad.quora.api.controller.CommonControllerTest)  Time elapsed: 1.69 s  <<< ERROR!
org.springframework.web.util.NestedServletException: Request processing failed; nested exception is org.springframework.transaction.CannotCreateTransactionException: Could not open JPA EntityManager for transaction; nested exception is org.hibernate.exception.GenericJDBCException: Unable to acquire JDBC Connection
	at com.upgrad.quora.api.controller.CommonControllerTest.details(CommonControllerTest.java:27)
Caused by: org.springframework.transaction.CannotCreateTransactionException: Could not open JPA EntityManager for transaction; nested exception is org.hibernate.exception.GenericJDBCException: Unable to acquire JDBC Connection
	at com.upgrad.quora.api.controller.CommonControllerTest.details(CommonControllerTest.java:27)
Caused by: org.hibernate.exception.GenericJDBCException: Unable to acquire JDBC Connection
	at com.upgrad.quora.api.controller.CommonControllerTest.details(CommonControllerTest.java:27)
Caused by: org.postgresql.util.PSQLException: FATAL: password authentication failed for user "postgres"
	at com.upgrad.quora.api.controller.CommonControllerTest.details(CommonControllerTest.java:27)

