-------------------------------------------------------------------------------
Test set: com.upgrad.quora.api.controller.QuestionControllerTest
-------------------------------------------------------------------------------
Tests run: 16, Failures: 8, Errors: 0, Skipped: 0, Time elapsed: 10.426 s <<< FAILURE! - in com.upgrad.quora.api.controller.QuestionControllerTest
deleteQuestionWithSignedOutUser(com.upgrad.quora.api.controller.QuestionControllerTest)  Time elapsed: 0.034 s  <<< FAILURE!
java.lang.AssertionError: Status expected:<403> but was:<404>
	at com.upgrad.quora.api.controller.QuestionControllerTest.deleteQuestionWithSignedOutUser(QuestionControllerTest.java:123)

deleteQuestionWithoutOwnership(com.upgrad.quora.api.controller.QuestionControllerTest)  Time elapsed: 0.076 s  <<< FAILURE!
java.lang.AssertionError: Status expected:<403> but was:<404>
	at com.upgrad.quora.api.controller.QuestionControllerTest.deleteQuestionWithoutOwnership(QuestionControllerTest.java:131)

editQuestionWithWithSignedOutUser(com.upgrad.quora.api.controller.QuestionControllerTest)  Time elapsed: 0.122 s  <<< FAILURE!
java.lang.AssertionError: Status expected:<403> but was:<404>
	at com.upgrad.quora.api.controller.QuestionControllerTest.editQuestionWithWithSignedOutUser(QuestionControllerTest.java:91)

editQuestionWithNonExistingAccessToken(com.upgrad.quora.api.controller.QuestionControllerTest)  Time elapsed: 0.151 s  <<< FAILURE!
java.lang.AssertionError: Status expected:<403> but was:<404>
	at com.upgrad.quora.api.controller.QuestionControllerTest.editQuestionWithNonExistingAccessToken(QuestionControllerTest.java:83)

deleteQuestionWithNonExistingAccessToken(com.upgrad.quora.api.controller.QuestionControllerTest)  Time elapsed: 0.183 s  <<< FAILURE!
java.lang.AssertionError: Status expected:<403> but was:<404>
	at com.upgrad.quora.api.controller.QuestionControllerTest.deleteQuestionWithNonExistingAccessToken(QuestionControllerTest.java:115)

editQuestionWithoutOwnership(com.upgrad.quora.api.controller.QuestionControllerTest)  Time elapsed: 0.228 s  <<< FAILURE!
java.lang.AssertionError: Status expected:<403> but was:<404>
	at com.upgrad.quora.api.controller.QuestionControllerTest.editQuestionWithoutOwnership(QuestionControllerTest.java:99)

deleteNoneExistingQuestion(com.upgrad.quora.api.controller.QuestionControllerTest)  Time elapsed: 0.248 s  <<< FAILURE!
java.lang.AssertionError: No value at JSON path "code"
	at com.upgrad.quora.api.controller.QuestionControllerTest.deleteNoneExistingQuestion(QuestionControllerTest.java:141)
Caused by: java.lang.IllegalArgumentException: json can not be null or empty
	at com.upgrad.quora.api.controller.QuestionControllerTest.deleteNoneExistingQuestion(QuestionControllerTest.java:141)

editNonExistingQuestion(com.upgrad.quora.api.controller.QuestionControllerTest)  Time elapsed: 0.318 s  <<< FAILURE!
java.lang.AssertionError: No value at JSON path "code"
	at com.upgrad.quora.api.controller.QuestionControllerTest.editNonExistingQuestion(QuestionControllerTest.java:108)
Caused by: java.lang.IllegalArgumentException: json can not be null or empty
	at com.upgrad.quora.api.controller.QuestionControllerTest.editNonExistingQuestion(QuestionControllerTest.java:108)

