-------------------------------------------------------------------------------
Test set: com.upgrad.quora.api.controller.UserControllerTest
-------------------------------------------------------------------------------
Tests run: 3, Failures: 0, Errors: 3, Skipped: 0, Time elapsed: 5.968 s <<< FAILURE! - in com.upgrad.quora.api.controller.UserControllerTest
signupWithRepeatedEmail(com.upgrad.quora.api.controller.UserControllerTest)  Time elapsed: 1.936 s  <<< ERROR!
org.springframework.web.util.NestedServletException: Request processing failed; nested exception is org.springframework.transaction.CannotCreateTransactionException: Could not open JPA EntityManager for transaction; nested exception is org.hibernate.exception.GenericJDBCException: Unable to acquire JDBC Connection
	at com.upgrad.quora.api.controller.UserControllerTest.signupWithRepeatedEmail(UserControllerTest.java:35)
Caused by: org.springframework.transaction.CannotCreateTransactionException: Could not open JPA EntityManager for transaction; nested exception is org.hibernate.exception.GenericJDBCException: Unable to acquire JDBC Connection
	at com.upgrad.quora.api.controller.UserControllerTest.signupWithRepeatedEmail(UserControllerTest.java:35)
Caused by: org.hibernate.exception.GenericJDBCException: Unable to acquire JDBC Connection
	at com.upgrad.quora.api.controller.UserControllerTest.signupWithRepeatedEmail(UserControllerTest.java:35)
Caused by: org.postgresql.util.PSQLException: FATAL: password authentication failed for user "postgres"
	at com.upgrad.quora.api.controller.UserControllerTest.signupWithRepeatedEmail(UserControllerTest.java:35)

signoutWithNonExistingAccessToken(com.upgrad.quora.api.controller.UserControllerTest)  Time elapsed: 1.951 s  <<< ERROR!
org.springframework.web.util.NestedServletException: Request processing failed; nested exception is org.springframework.transaction.CannotCreateTransactionException: Could not open JPA EntityManager for transaction; nested exception is org.hibernate.exception.GenericJDBCException: Unable to acquire JDBC Connection
	at com.upgrad.quora.api.controller.UserControllerTest.signoutWithNonExistingAccessToken(UserControllerTest.java:44)
Caused by: org.springframework.transaction.CannotCreateTransactionException: Could not open JPA EntityManager for transaction; nested exception is org.hibernate.exception.GenericJDBCException: Unable to acquire JDBC Connection
	at com.upgrad.quora.api.controller.UserControllerTest.signoutWithNonExistingAccessToken(UserControllerTest.java:44)
Caused by: org.hibernate.exception.GenericJDBCException: Unable to acquire JDBC Connection
	at com.upgrad.quora.api.controller.UserControllerTest.signoutWithNonExistingAccessToken(UserControllerTest.java:44)
Caused by: org.postgresql.util.PSQLException: FATAL: password authentication failed for user "postgres"
	at com.upgrad.quora.api.controller.UserControllerTest.signoutWithNonExistingAccessToken(UserControllerTest.java:44)

signupWithRepeatedUserName(com.upgrad.quora.api.controller.UserControllerTest)  Time elapsed: 1.931 s  <<< ERROR!
org.springframework.web.util.NestedServletException: Request processing failed; nested exception is org.springframework.transaction.CannotCreateTransactionException: Could not open JPA EntityManager for transaction; nested exception is org.hibernate.exception.GenericJDBCException: Unable to acquire JDBC Connection
	at com.upgrad.quora.api.controller.UserControllerTest.signupWithRepeatedUserName(UserControllerTest.java:27)
Caused by: org.springframework.transaction.CannotCreateTransactionException: Could not open JPA EntityManager for transaction; nested exception is org.hibernate.exception.GenericJDBCException: Unable to acquire JDBC Connection
	at com.upgrad.quora.api.controller.UserControllerTest.signupWithRepeatedUserName(UserControllerTest.java:27)
Caused by: org.hibernate.exception.GenericJDBCException: Unable to acquire JDBC Connection
	at com.upgrad.quora.api.controller.UserControllerTest.signupWithRepeatedUserName(UserControllerTest.java:27)
Caused by: org.postgresql.util.PSQLException: FATAL: password authentication failed for user "postgres"
	at com.upgrad.quora.api.controller.UserControllerTest.signupWithRepeatedUserName(UserControllerTest.java:27)

